<?xml version="1.0" encoding="UTF-8"?>
<!-- Generated by org.testng.reporters.JUnitXMLReporter -->
<testsuite ignored="0" hostname="DESKTOP-48ME6A4" failures="0" tests="3" name="Default test" time="46.13" errors="0" timestamp="13 Aug 2022 16:56:05 GMT">
  <testcase classname="wdTestNG.HomePageTest" name="Test1" time="11.184"/>
  <testcase classname="wdTestNG.SimplilearnLoginTest" name="NegativeTest" time="11.409"/>
  <testcase classname="wdTestNG.SimplilearnLoginTest" name="PositiveTest" time="9.402"/>
</testsuite> <!-- Default test -->
