<?xml version="1.0" encoding="UTF-8"?>
<!-- Generated by org.testng.reporters.JUnitXMLReporter -->
<testsuite ignored="0" hostname="DESKTOP-48ME6A4" failures="0" tests="3" name="Test" time="62.08" errors="0" timestamp="13 Aug 2022 17:05:15 GMT">
  <testcase classname="wdTestNG.SimplilearnLoginTest" name="NegativeTest" time="17.368"/>
  <testcase classname="wdTestNG.SimplilearnLoginTest" name="PositiveTest" time="14.876"/>
  <testcase classname="wdTestNG.HomePageTest" name="Test1" time="11.515"/>
</testsuite> <!-- Test -->
