<?xml version="1.0" encoding="UTF-8"?>
<!-- Generated by org.testng.reporters.JUnitXMLReporter -->
<testsuite ignored="0" hostname="DESKTOP-48ME6A4" failures="0" tests="3" name="Test" time="48.577" errors="0" timestamp="14 Aug 2022 14:32:46 GMT">
  <testcase classname="wdTestNG.SimplilearnLoginTest" name="NegativeTest" time="12.165"/>
  <testcase classname="wdTestNG.SimplilearnLoginTest" name="PositiveTest" time="10.242"/>
  <testcase classname="wdTestNG.HomePageTest" name="Test1" time="9.99"/>
</testsuite> <!-- Test -->
