<?xml version="1.0" encoding="UTF-8"?>
<testng-results ignored="0" total="3" passed="3" failed="0" skipped="0">
  <reporter-output>
  </reporter-output>
  <suite started-at="2022-08-13T17:04:13Z" name="Suite" finished-at="2022-08-13T17:05:15Z" duration-ms="62080">
    <groups>
    </groups>
    <test started-at="2022-08-13T17:04:13Z" name="Test" finished-at="2022-08-13T17:05:15Z" duration-ms="62080">
      <class name="wdTestNG.HomePageTest">
        <test-method is-config="true" signature="SetUp()[pri:0, instance:wdTestNG.HomePageTest@48793bef]" started-at="2022-08-13T17:04:58Z" name="SetUp" finished-at="2022-08-13T17:05:03Z" duration-ms="5160" status="PASS">
          <reporter-output>
          </reporter-output>
        </test-method> <!-- SetUp -->
        <test-method signature="Test1()[pri:0, instance:wdTestNG.HomePageTest@48793bef]" started-at="2022-08-13T17:05:03Z" name="Test1" finished-at="2022-08-13T17:05:15Z" duration-ms="11515" status="PASS">
          <reporter-output>
          </reporter-output>
        </test-method> <!-- Test1 -->
        <test-method is-config="true" signature="TearDown()[pri:0, instance:wdTestNG.HomePageTest@48793bef]" started-at="2022-08-13T17:05:15Z" name="TearDown" finished-at="2022-08-13T17:05:15Z" duration-ms="266" status="PASS">
          <reporter-output>
          </reporter-output>
        </test-method> <!-- TearDown -->
      </class> <!-- wdTestNG.HomePageTest -->
      <class name="wdTestNG.SimplilearnLoginTest">
        <test-method is-config="true" signature="SetUp()[pri:0, instance:wdTestNG.SimplilearnLoginTest@71e693fa]" started-at="2022-08-13T17:04:13Z" name="SetUp" finished-at="2022-08-13T17:04:18Z" duration-ms="4762" status="PASS">
          <reporter-output>
          </reporter-output>
        </test-method> <!-- SetUp -->
        <test-method signature="NegativeTest()[pri:0, instance:wdTestNG.SimplilearnLoginTest@71e693fa]" started-at="2022-08-13T17:04:18Z" name="NegativeTest" finished-at="2022-08-13T17:04:35Z" duration-ms="17368" status="PASS">
          <reporter-output>
          </reporter-output>
        </test-method> <!-- NegativeTest -->
        <test-method is-config="true" signature="TearDown()[pri:0, instance:wdTestNG.SimplilearnLoginTest@71e693fa]" started-at="2022-08-13T17:04:35Z" name="TearDown" finished-at="2022-08-13T17:04:35Z" duration-ms="259" status="PASS">
          <reporter-output>
          </reporter-output>
        </test-method> <!-- TearDown -->
        <test-method is-config="true" signature="SetUp()[pri:0, instance:wdTestNG.SimplilearnLoginTest@71e693fa]" started-at="2022-08-13T17:04:35Z" name="SetUp" finished-at="2022-08-13T17:04:43Z" duration-ms="7529" status="PASS">
          <reporter-output>
          </reporter-output>
        </test-method> <!-- SetUp -->
        <test-method signature="PositiveTest()[pri:0, instance:wdTestNG.SimplilearnLoginTest@71e693fa]" started-at="2022-08-13T17:04:43Z" name="PositiveTest" finished-at="2022-08-13T17:04:58Z" duration-ms="14876" status="PASS">
          <reporter-output>
          </reporter-output>
        </test-method> <!-- PositiveTest -->
        <test-method is-config="true" signature="TearDown()[pri:0, instance:wdTestNG.SimplilearnLoginTest@71e693fa]" started-at="2022-08-13T17:04:58Z" name="TearDown" finished-at="2022-08-13T17:04:58Z" duration-ms="289" status="PASS">
          <reporter-output>
          </reporter-output>
        </test-method> <!-- TearDown -->
      </class> <!-- wdTestNG.SimplilearnLoginTest -->
    </test> <!-- Test -->
  </suite> <!-- Suite -->
</testng-results>
